<?xml version="1.0" encoding="UTF-8"?>
<!-- Generated by org.testng.reporters.JUnitXMLReporter -->
<testsuite ignored="0" hostname="AnudiP" failures="0" tests="3" name="Default test" time="3.952" errors="0" timestamp="2026-01-20T21:02:05 IST">
  <testcase classname="testNGExercises.SauceDemoApp" name="login" time="0.378"/>
  <testcase classname="testNGExercises.SauceDemoApp" name="login" time="0.287"/>
  <testcase classname="testNGExercises.SauceDemoApp" name="login" time="0.257"/>
</testsuite> <!-- Default test -->
