<?xml version="1.0" encoding="UTF-8"?>
<!-- Generated by org.testng.reporters.JUnitXMLReporter -->
<testsuite ignored="0" hostname="AnudiP" failures="1" tests="3" name="Test" time="6.078" errors="0" timestamp="2026-01-20T19:07:20 IST">
  <testcase classname="testNGExercises.LaunchBrowserUsingParameter" name="launch" time="5.909"/>
  <testcase classname="testNGExercises.ParameterTest" name="display" time="0.008"/>
  <testcase classname="testNGExercises.ParameterTest" name="display1" time="0.0">
    <failure type="org.testng.TestNGException" message="
Parameter &amp;apos;message&amp;apos; is required by @Test on method display1 but has not been marked @Optional or defined
in C:\Users\Anudip1\eclipse-workspace\testing\launchBrowser.xml">
      <![CDATA[org.testng.TestNGException: 
Parameter 'message' is required by @Test on method display1 but has not been marked @Optional or defined
in C:\Users\Anudip1\eclipse-workspace\testing\launchBrowser.xml
at java.base/java.util.ArrayList.forEach(ArrayList.java:1511)
... Removed 26 stack frames]]>
    </failure>
  </testcase> <!-- display1 -->
</testsuite> <!-- Test -->
