<?xml version="1.0" encoding="UTF-8"?>
<testng-results ignored="0" total="3" passed="3" failed="0" skipped="0">
  <reporter-output>
  </reporter-output>
  <suite started-at="2026-01-20T21:02:01 IST" name="Default suite" finished-at="2026-01-20T21:02:05 IST" duration-ms="3952">
    <groups>
    </groups>
    <test started-at="2026-01-20T21:02:01 IST" name="Default test" finished-at="2026-01-20T21:02:05 IST" duration-ms="3952">
      <class name="testNGExercises.SauceDemoApp">
        <test-method is-config="true" signature="launchBrowser()[pri:0, instance:testNGExercises.SauceDemoApp@cb0755b]" started-at="2026-01-20T21:02:01 IST" name="launchBrowser" finished-at="2026-01-20T21:02:04 IST" duration-ms="2825" status="PASS">
          <reporter-output>
          </reporter-output>
        </test-method> <!-- launchBrowser -->
        <test-method signature="login(java.lang.String,java.lang.String)[pri:0, instance:testNGExercises.SauceDemoApp@cb0755b]" started-at="2026-01-20T21:02:04 IST" name="login" data-provider="credentials" finished-at="2026-01-20T21:02:05 IST" duration-ms="378" status="PASS">
          <params>
            <param index="0">
              <value>
                <![CDATA[standard_user]]>
              </value>
            </param>
            <param index="1">
              <value>
                <![CDATA[secret_sauce]]>
              </value>
            </param>
          </params>
          <reporter-output>
          </reporter-output>
        </test-method> <!-- login -->
        <test-method signature="login(java.lang.String,java.lang.String)[pri:0, instance:testNGExercises.SauceDemoApp@cb0755b]" started-at="2026-01-20T21:02:05 IST" name="login" data-provider="credentials" finished-at="2026-01-20T21:02:05 IST" duration-ms="287" status="PASS">
          <params>
            <param index="0">
              <value>
                <![CDATA[locked_out_user]]>
              </value>
            </param>
            <param index="1">
              <value>
                <![CDATA[secret_sauce]]>
              </value>
            </param>
          </params>
          <reporter-output>
          </reporter-output>
        </test-method> <!-- login -->
        <test-method signature="login(java.lang.String,java.lang.String)[pri:0, instance:testNGExercises.SauceDemoApp@cb0755b]" started-at="2026-01-20T21:02:05 IST" name="login" data-provider="credentials" finished-at="2026-01-20T21:02:05 IST" duration-ms="257" status="PASS">
          <params>
            <param index="0">
              <value>
                <![CDATA[error_user]]>
              </value>
            </param>
            <param index="1">
              <value>
                <![CDATA[secret_sauce]]>
              </value>
            </param>
          </params>
          <reporter-output>
          </reporter-output>
        </test-method> <!-- login -->
        <test-method is-config="true" signature="closeApp()[pri:0, instance:testNGExercises.SauceDemoApp@cb0755b]" started-at="2026-01-20T21:02:05 IST" name="closeApp" finished-at="2026-01-20T21:02:05 IST" duration-ms="138" status="PASS">
          <reporter-output>
          </reporter-output>
        </test-method> <!-- closeApp -->
      </class> <!-- testNGExercises.SauceDemoApp -->
    </test> <!-- Default test -->
  </suite> <!-- Default suite -->
</testng-results>
