<?xml version="1.0" encoding="UTF-8"?>
<!-- Generated by org.testng.reporters.JUnitReportReporter -->
<testsuite hostname="AnudiP" failures="0" tests="3" name="testNGExercises.SauceDemoApp" time="0.922" errors="0" timestamp="2026-01-20T21:02:06 IST" skipped="0">
  <testcase classname="testNGExercises.SauceDemoApp" name="login" time="0.287"/>
  <testcase classname="testNGExercises.SauceDemoApp" name="login" time="0.378"/>
  <testcase classname="testNGExercises.SauceDemoApp" name="login" time="0.257"/>
</testsuite> <!-- testNGExercises.SauceDemoApp -->
