<?xml version="1.0" encoding="UTF-8"?>
<!-- Generated by org.testng.reporters.JUnitReportReporter -->
<testsuite hostname="AnudiP" failures="0" tests="3" name="testNGExercises.Sample" time="0.020" errors="0" timestamp="2026-01-19T19:37:52 IST" skipped="0">
  <testcase classname="testNGExercises.Sample" name="logout" time="0.009"/>
  <testcase classname="testNGExercises.Sample" name="login" time="0.005"/>
  <testcase classname="testNGExercises.Sample" name="dashboard" time="0.006"/>
</testsuite> <!-- testNGExercises.Sample -->
