<?xml version="1.0" encoding="UTF-8"?>
<!-- Generated by org.testng.reporters.JUnitReportReporter -->
<testsuite hostname="AnudiP" failures="0" tests="3" name="testNGExercises.DataProviderExample" time="0.012" errors="0" timestamp="2026-01-20T19:39:36 IST" skipped="0">
  <testcase classname="testNGExercises.DataProviderExample" name="login" time="0.003"/>
  <testcase classname="testNGExercises.DataProviderExample" name="login" time="0.007"/>
  <testcase classname="testNGExercises.DataProviderExample" name="login" time="0.002"/>
</testsuite> <!-- testNGExercises.DataProviderExample -->
